
Power Net Detected:
        Voltage	    Name
             0V	    VSSE
             0V	    VSSPST
             0V	    VPW
             0V	    VSS
           1.8V	    VDDPE
           1.8V	    VDDCE
           1.8V	    POC
           1.8V	    VDDPST
           1.8V	    VNW
           1.8V	    VDD
Using Power View: analysis_default.
AAE_INFO: opIsDesignInPostRouteState() is 1
AAE_INFO: resetNetProps viewIdx 0 
Starting SI iteration 1 using Infinite Timing Windows
#################################################################################
# Design Stage: PostRoute
# Design Name: conv
# Design Mode: 130nm
# Analysis Mode: MMMC OCV 
# Parasitics Mode: SPEF/RCDB 
# Signoff Settings: SI On 
#################################################################################
Start delay calculation (fullDC) (16 T). (MEM=3375)
AAE_INFO-618: Total number of nets in the design is 22189,  100.0 percent of the nets selected for SI analysis
End delay calculation. (MEM=4089.2 CPU=0:00:06.4 REAL=0:00:01.0)
End delay calculation (fullDC). (MEM=4089.2 CPU=0:00:06.9 REAL=0:00:01.0)
Loading CTE timing window with TwFlowType 0...(CPU = 0:00:00.0, REAL = 0:00:00.0, MEM = 4065.2M)
Add other clocks and setupCteToAAEClockMapping during iter 1
Loading CTE timing window is completed (CPU = 0:00:00.2, REAL = 0:00:00.0, MEM = 4097.2M)
Starting SI iteration 2
Start delay calculation (fullDC) (16 T). (MEM=3450.32)
AAE_INFO-618: Total number of nets in the design is 22189,  2.1 percent of the nets selected for SI analysis
End delay calculation. (MEM=4108.9 CPU=0:00:00.5 REAL=0:00:00.0)
End delay calculation (fullDC). (MEM=4108.9 CPU=0:00:00.5 REAL=0:00:00.0)
Load RC corner of view analysis_default

Begin Power Analysis

             0V	    VSSE
             0V	    VSSPST
             0V	    VPW
             0V	    VSS
           1.8V	    VDDPE
           1.8V	    VDDCE
           1.8V	    POC
           1.8V	    VDDPST
           1.8V	    VNW
           1.8V	    VDD

Begin Processing Timing Library for Power Calculation

Begin Processing Timing Library for Power Calculation



Begin Processing Power Net/Grid for Power Calculation

Ended Processing Power Net/Grid for Power Calculation: (cpu=0:00:00, real=0:00:00, mem(process/total/peak)=2616.09MB/5399.24MB/2714.07MB)

Begin Processing Timing Window Data for Power Calculation

ideal_clock(100MHz) CK: assigning clock ideal_clock to net clk
Ended Processing Timing Window Data for Power Calculation: (cpu=0:00:00, real=0:00:00, mem(process/total/peak)=2616.84MB/5399.24MB/2714.07MB)

Begin Processing User Attributes

Ended Processing User Attributes: (cpu=0:00:00, real=0:00:00, mem(process/total/peak)=2617.27MB/5399.25MB/2714.07MB)

Begin Processing Signal Activity


Starting Levelizing
2026-Feb-27 18:19:42 (2026-Feb-28 02:19:42 GMT)
2026-Feb-27 18:19:42 (2026-Feb-28 02:19:42 GMT): 10%
2026-Feb-27 18:19:42 (2026-Feb-28 02:19:42 GMT): 20%
2026-Feb-27 18:19:42 (2026-Feb-28 02:19:42 GMT): 30%
2026-Feb-27 18:19:42 (2026-Feb-28 02:19:42 GMT): 40%
2026-Feb-27 18:19:42 (2026-Feb-28 02:19:42 GMT): 50%
2026-Feb-27 18:19:42 (2026-Feb-28 02:19:42 GMT): 60%
2026-Feb-27 18:19:42 (2026-Feb-28 02:19:42 GMT): 70%
2026-Feb-27 18:19:42 (2026-Feb-28 02:19:42 GMT): 80%
2026-Feb-27 18:19:42 (2026-Feb-28 02:19:42 GMT): 90%

Finished Levelizing
2026-Feb-27 18:19:42 (2026-Feb-28 02:19:42 GMT)

Starting Activity Propagation
2026-Feb-27 18:19:42 (2026-Feb-28 02:19:42 GMT)
2026-Feb-27 18:19:42 (2026-Feb-28 02:19:42 GMT): 10%
2026-Feb-27 18:19:42 (2026-Feb-28 02:19:42 GMT): 20%

Finished Activity Propagation
2026-Feb-27 18:19:43 (2026-Feb-28 02:19:43 GMT)
Ended Processing Signal Activity: (cpu=0:00:01, real=0:00:01, mem(process/total/peak)=2618.02MB/5399.24MB/2714.07MB)

Begin Power Computation

      ----------------------------------------------------------
      # of cell(s) missing both power/leakage table: 0
      # of cell(s) missing power table: 1
      # of cell(s) missing leakage table: 0
      ----------------------------------------------------------
CellName                                  Missing Table(s)
sky130_fd_sc_hd__conb_1                   internal power, 



Starting Calculating power
2026-Feb-27 18:19:43 (2026-Feb-28 02:19:43 GMT)
2026-Feb-27 18:19:43 (2026-Feb-28 02:19:43 GMT): 10%
2026-Feb-27 18:19:43 (2026-Feb-28 02:19:43 GMT): 20%
2026-Feb-27 18:19:43 (2026-Feb-28 02:19:43 GMT): 30%
2026-Feb-27 18:19:43 (2026-Feb-28 02:19:43 GMT): 40%
2026-Feb-27 18:19:43 (2026-Feb-28 02:19:43 GMT): 50%
2026-Feb-27 18:19:43 (2026-Feb-28 02:19:43 GMT): 60%
2026-Feb-27 18:19:43 (2026-Feb-28 02:19:43 GMT): 70%
2026-Feb-27 18:19:43 (2026-Feb-28 02:19:43 GMT): 80%
2026-Feb-27 18:19:43 (2026-Feb-28 02:19:43 GMT): 90%

Finished Calculating power
2026-Feb-27 18:19:43 (2026-Feb-28 02:19:43 GMT)
      # of MSMV cell(s) missing power_level: 0
Ended Power Computation: (cpu=0:00:02, real=0:00:00, mem(process/total/peak)=2647.33MB/5561.31MB/2714.07MB)

Begin Processing User Attributes

Ended Processing User Attributes: (cpu=0:00:00, real=0:00:00, mem(process/total/peak)=2647.70MB/5561.31MB/2714.07MB)

Ended Power Analysis: (cpu=0:00:03, real=0:00:02, mem(process/total/peak)=2647.70MB/5561.31MB/2714.07MB)

Begin Boundary Leakage Calculation
Ended Boundary Leakage Calculation: (cpu=0:00:00, real=0:00:00,
mem(process/total/peak)=2647.70MB/5561.31MB/2714.07MB)
Begin Static Power Report Generation
*----------------------------------------------------------------------------------------
*	Innovus 21.16-s078_1 (64bit) 12/07/2022 12:07 (Linux 3.10.0-693.el7.x86_64)
*	
*
* 	Date & Time:	2026-Feb-27 18:19:43 (2026-Feb-28 02:19:43 GMT)
*
*----------------------------------------------------------------------------------------
*
*	Design: conv
*
*	Liberty Libraries used:
*	        analysis_default: /home/users/b0094545/Desktop/HW7_EE272/ConvVerilog/build/19-cadence-innovus-postroute/checkpoints/design.checkpoint/save.enc.dat/libs/mmmc/stdcells.lib
*	        analysis_default: /home/users/b0094545/Desktop/HW7_EE272/ConvVerilog/build/19-cadence-innovus-postroute/checkpoints/design.checkpoint/save.enc.dat/libs/mmmc/sky130_sram_1kbyte_1rw1r_32x256_8_TT_1p8V_25C.lib
*	        analysis_default: /home/users/b0094545/Desktop/HW7_EE272/ConvVerilog/build/19-cadence-innovus-postroute/checkpoints/design.checkpoint/save.enc.dat/libs/mmmc/sky130_sram_4kbyte_1rw1r_32x1024_8_TT_1p8V_25C.lib
*
*	Parasitic Files used:
*
*       Power View : analysis_default
*
*       User-Defined Activity : N.A.
*
*       Activity File: N.A.
*
*       Hierarchical Global Activity: N.A.
*
*       Global Activity: N.A.
*
*       Sequential Element Activity: 0.200000
*
*       Primary Input Activity: 0.200000
*
*       Default icg ratio: N.A.
*
*       Global Comb ClockGate Ratio: N.A.
*
*	Power Units = 1mW
*
*	Time Units = 1e-09 secs
*
*       report_power -hierarchy all
*
-----------------------------------------------------------------------------------------
*



Total Power
-----------------------------------------------------------------------------------------
Total Internal Power:       88.60287173 	   81.1213%
Total Switching Power:      20.40310580 	   18.6803%
Total Leakage Power:         0.21672138 	    0.1984%
Total Power:               109.22269891
-----------------------------------------------------------------------------------------


Group                           Internal   Switching     Leakage       Total  Percentage 
                                Power      Power         Power         Power  (%)        
-----------------------------------------------------------------------------------------
Sequential                         6.883       1.729   2.097e-05       8.612       7.884
Macro                              71.91      0.1033      0.2166       72.23       66.13
IO                                     0           0           0           0           0
Combinational                      7.199       14.03   4.733e-05       21.23       19.43
Clock (Combinational)             0.7197       3.202   1.369e-06       3.922       3.591
Clock (Sequential)                 1.895       1.341   3.716e-06       3.236       2.963
-----------------------------------------------------------------------------------------
Total                               88.6        20.4      0.2167       109.2         100
-----------------------------------------------------------------------------------------


Clock                           Internal   Switching     Leakage       Total  Percentage 
                                Power      Power         Power         Power  (%)        
-----------------------------------------------------------------------------------------
ideal_clock                        2.615       4.543   5.085e-06       7.158       6.554
-----------------------------------------------------------------------------------------
Total                              2.615       4.543   5.085e-06       7.158       6.554
-----------------------------------------------------------------------------------------
Clock: ideal_clock
Clock Period: 0.010000 usec 
Clock Toggle Rate:   200.0000 Mhz 
Clock Static Probability:  0.5000
  


Rail                  Voltage   Internal   Switching     Leakage       Total  Percentage 
                                Power      Power         Power         Power  (%)        
-----------------------------------------------------------------------------------------
VDD                       1.8       88.6        20.4      0.2167       109.2         100


Hierarchy                       Internal   Switching     Leakage       Total  Percentage 
                                Power      Power         Power         Power  (%)        
-----------------------------------------------------------------------------------------
weight_wadr_gen_inst              0.1061     0.04276   3.491e-07      0.1489      0.1363 
weight_radr_gen_inst             0.09744     0.08567   3.386e-07      0.1831      0.1676 
ifmap_wadr_gen_inst               0.1015     0.05231   3.429e-07      0.1538      0.1408 
ifmap_radr_gen_inst                1.024      0.8238   4.716e-06       1.848       1.692 
systolic_array_with_skew_inst
                                   7.779        5.87   3.078e-05       13.65        12.5 
ofmap_skew_registers_inst          0.926      0.3358   2.348e-06       1.262       1.155 
ofmap_wadr_gen_inst              0.08218     0.06877   2.858e-07      0.1509      0.1382 
ofmap_radr_gen_inst              0.08069     0.03467   2.707e-07      0.1154      0.1056 
ofmap_wb_radr_gen_inst           0.07909     0.03112   2.712e-07      0.1102      0.1009 
ifmap_aggregator_inst            0.04057     0.05356   3.656e-07     0.09413     0.08619 
ifmap_weight_fifo_inst           0.09497     0.05358    6.83e-07      0.1486       0.136 
weight_aggregator_inst           0.03956      0.0347   3.584e-07     0.07426     0.06799 
ofmap_fifo_inst                   0.1603      0.1565    1.22e-06      0.3168      0.2901 
ofmap_deaggregator_inst           0.8419      0.5051    5.18e-06       1.347       1.233 
params_fifo_inst                 0.09824     0.06888   6.539e-07      0.1671       0.153 
conv_controller_inst               3.153        4.31   1.626e-05       7.462       6.832 
weight_double_buffer_inst          20.77      0.5741     0.07029       21.42       19.61 
ifmap_double_buffer_inst           21.07       1.064     0.07029       22.21       20.33 
ofmap_buffer_inst                  31.57       3.953     0.07607        35.6        32.6 
weight_wadr_gen_inst/clk_gate_config_block_max_reg
                                 0.01087    0.007714   2.179e-08     0.01858     0.01701 
weight_wadr_gen_inst/clk_gate_adr_r_reg
                                 0.01284      0.0103   2.167e-08     0.02314     0.02118 
weight_radr_gen_inst/clk_gate_config_block_max_reg
                                0.004627    0.001717   1.097e-08    0.006344    0.005809 
weight_radr_gen_inst/clk_gate_adr_r_reg
                                0.007447    0.007777   1.077e-08     0.01522     0.01394 
ifmap_wadr_gen_inst/clk_gate_config_block_max_reg
                                0.007447    0.007484   1.077e-08     0.01493     0.01367 
ifmap_wadr_gen_inst/clk_gate_adr_r_reg
                                 0.01091    0.007857   2.179e-08     0.01877     0.01718 
ifmap_radr_gen_inst/clk_gate_config_IX0_reg
                                 0.07945     0.06458   1.186e-07       0.144      0.1319 
ifmap_radr_gen_inst/clk_gate_fy_reg
                                  0.0369     0.03025   5.384e-08     0.06715     0.06148 
ifmap_radr_gen_inst/clk_gate_oy0_reg
                                 0.01005    0.004412   2.417e-08     0.01446     0.01324 
systolic_array_with_skew_inst/ifmap_skew_registers
                                  0.2632      0.5064   7.575e-07      0.7696      0.7046 
systolic_array_with_skew_inst/systolic_array_inst
                                   6.589       4.882   2.767e-05       11.47        10.5 
systolic_array_with_skew_inst/ofmap_skew_registers
                                  0.9144      0.3996   2.317e-06       1.314       1.203 
ofmap_skew_registers_inst/row_1__col_0__skew_r
                                    0.15     0.05525   3.841e-07      0.2053      0.1879 
ofmap_skew_registers_inst/row_2__col_0__skew_r
                                  0.1501     0.04016   3.762e-07      0.1902      0.1741 
ofmap_skew_registers_inst/row_2__col_1__skew_r
                                  0.1606     0.05186   3.955e-07      0.2124      0.1945 
ofmap_skew_registers_inst/row_3__col_0__skew_r
                                  0.1499     0.04168   3.841e-07      0.1915      0.1754 
ofmap_skew_registers_inst/row_3__col_1__skew_r
                                  0.1509     0.03675   3.771e-07      0.1877      0.1718 
ofmap_skew_registers_inst/row_3__col_2__skew_r
                                   0.151      0.0467    3.77e-07      0.1977       0.181 
ofmap_wadr_gen_inst/clk_gate_config_block_max_reg
                                0.007386     0.00634   1.077e-08     0.01373     0.01257 
ofmap_wadr_gen_inst/clk_gate_adr_r_reg
                                0.007387    0.006377   1.077e-08     0.01376      0.0126 
ofmap_radr_gen_inst/clk_gate_config_block_max_reg
                                0.007385    0.006289   1.077e-08     0.01367     0.01252 
ofmap_radr_gen_inst/clk_gate_adr_r_reg
                                0.007382     0.00587   1.077e-08     0.01325     0.01213 
ofmap_wb_radr_gen_inst/clk_gate_config_block_max_reg
                                0.007384    0.006225   1.077e-08     0.01361     0.01246 
ofmap_wb_radr_gen_inst/clk_gate_adr_r_reg
                                 0.00722    0.005804   1.093e-08     0.01302     0.01192 
ifmap_aggregator_inst/clk_gate_receiver_data_unpacked_reg_1_
                                0.005874   0.0003938   2.627e-08    0.006267    0.005738 
ifmap_aggregator_inst/clk_gate_receiver_data_unpacked_reg_0_
                                0.005873   0.0003741   2.627e-08    0.006247     0.00572 
ifmap_weight_fifo_inst/fifo_inst
                                 0.09497     0.05358    6.83e-07      0.1486       0.136 
weight_aggregator_inst/clk_gate_receiver_data_unpacked_reg_1_
                                0.005876   0.0003865   2.627e-08    0.006263    0.005734 
weight_aggregator_inst/clk_gate_receiver_data_unpacked_reg_0_
                                0.005873   0.0003964   2.627e-08    0.006269     0.00574 
ofmap_fifo_inst/fifo_inst         0.1603      0.1565    1.22e-06      0.3168      0.2901 
ofmap_deaggregator_inst/instantiate_fifos_0__fifo_inst
                                  0.1993     0.05918   1.221e-06      0.2585      0.2366 
ofmap_deaggregator_inst/instantiate_fifos_1__fifo_inst
                                  0.1964      0.1319   1.215e-06      0.3282      0.3005 
ofmap_deaggregator_inst/instantiate_fifos_2__fifo_inst
                                  0.2003     0.06818    1.22e-06      0.2685      0.2458 
ofmap_deaggregator_inst/instantiate_fifos_3__fifo_inst
                                  0.1953      0.1274   1.155e-06      0.3227      0.2955 
params_fifo_inst/fifo_inst
                                 0.09824     0.06888   6.539e-07      0.1671       0.153 
conv_controller_inst/clk_gate_ofmap_skew_en_reg
                                 0.01818     0.00963   3.364e-08     0.02781     0.02546 
conv_controller_inst/clk_gate_oc1_r_reg
                                 0.03123      0.0251   5.599e-08     0.05633     0.05158 
conv_controller_inst/clk_gate_config_r_reg_33_
                                0.002733   4.052e-06   1.318e-08    0.002737    0.002506 
conv_controller_inst/clk_gate_config_r_reg_32_
                                0.002733   4.111e-06   1.318e-08    0.002737    0.002506 
conv_controller_inst/clk_gate_config_r_reg_31_
                                0.002733   4.043e-06   1.318e-08    0.002737    0.002506 
conv_controller_inst/clk_gate_config_r_reg_30_
                                0.002733   3.907e-06   1.318e-08    0.002737    0.002506 
conv_controller_inst/clk_gate_config_r_reg_29_
                                0.002735   3.409e-06   1.318e-08    0.002739    0.002508 
conv_controller_inst/clk_gate_config_r_reg_28_
                                0.002735   4.022e-06   1.318e-08    0.002739    0.002508 
conv_controller_inst/clk_gate_config_r_reg_27_
                                0.002735    3.68e-06   1.318e-08    0.002739    0.002508 
conv_controller_inst/clk_gate_config_r_reg_26_
                                0.002735   3.696e-06   1.318e-08    0.002739    0.002508 
conv_controller_inst/clk_gate_config_r_reg_25_
                                0.002733   4.576e-06   1.318e-08    0.002737    0.002506 
conv_controller_inst/clk_gate_config_r_reg_24_
                                0.002733   3.796e-06   1.318e-08    0.002737    0.002506 
conv_controller_inst/clk_gate_config_r_reg_23_
                                0.002733   4.316e-06   1.318e-08    0.002737    0.002506 
conv_controller_inst/clk_gate_config_r_reg_22_
                                0.002735   3.936e-06   1.318e-08    0.002739    0.002507 
conv_controller_inst/clk_gate_config_r_reg_20_
                                0.002735   4.018e-06   1.318e-08    0.002739    0.002508 
conv_controller_inst/clk_gate_config_r_reg_18_
                                0.002737   3.872e-06   1.318e-08    0.002741    0.002509 
conv_controller_inst/clk_gate_config_r_reg_16_
                                0.002735   4.345e-06   1.318e-08    0.002739    0.002508 
conv_controller_inst/clk_gate_config_r_reg_14_
                                0.005443   4.054e-06     2.8e-08    0.005447    0.004987 
conv_controller_inst/clk_gate_config_r_reg_12_
                                0.002735   4.034e-06   1.318e-08    0.002739    0.002507 
conv_controller_inst/clk_gate_config_r_reg_10_
                                0.002735   4.421e-06   1.318e-08    0.002739    0.002508 
conv_controller_inst/clk_gate_config_r_reg_8_
                                0.002735   3.887e-06   1.318e-08    0.002739    0.002508 
conv_controller_inst/clk_gate_config_r_reg_6_
                                0.002735   3.957e-06   1.318e-08    0.002739    0.002508 
conv_controller_inst/clk_gate_config_r_reg_4_
                                0.002737   3.717e-06   1.318e-08    0.002741     0.00251 
conv_controller_inst/clk_gate_config_r_reg_2_
                                0.002735   4.309e-06   1.318e-08    0.002739    0.002508 
conv_controller_inst/clk_gate_config_r_reg_0_
                                0.002733    3.99e-06   1.318e-08    0.002737    0.002506 
conv_controller_inst/clk_gate_ifmap_wadr_r_reg
                                 0.02938     0.02216   4.187e-08     0.05154     0.04719 
conv_controller_inst/clk_gate_ofmap_switch_banks_reg
                                 0.06663     0.04885   9.692e-08      0.1155      0.1057 
conv_controller_inst/clk_gate_ofmap_wbadr_r_reg
                                  0.0074    0.006624   1.091e-08     0.01402     0.01284 
weight_double_buffer_inst/ram
                                   20.77      0.5662     0.07029        21.4        19.6 
ifmap_double_buffer_inst/ram
                                   21.07       1.058     0.07029        22.2       20.32 
weight_wadr_gen_inst/add_x_3
                                  0.0019    0.001658   6.019e-08    0.003558    0.003257 
weight_radr_gen_inst/add_x_3
                                0.001776    0.001497   6.019e-08    0.003273    0.002997 
ifmap_wadr_gen_inst/add_x_3
                                0.001972    0.001695   6.019e-08    0.003667    0.003357 
ifmap_radr_gen_inst/DP_OP_125J3_127_9481
                                  0.3706      0.5646   2.457e-06      0.9352      0.8563 
ifmap_radr_gen_inst/DP_OP_124J3_126_8590
                                0.005626    0.005354   6.188e-08     0.01098     0.01005 
ifmap_radr_gen_inst/DP_OP_123J3_125_8590
                                0.005609    0.005266   6.129e-08     0.01087    0.009957 
ifmap_radr_gen_inst/DP_OP_122J3_124_8590
                                0.005623    0.005031   6.188e-08     0.01065    0.009755 
ifmap_radr_gen_inst/DP_OP_121J3_123_8590
                                0.005649    0.005454   6.188e-08      0.0111     0.01017 
ifmap_radr_gen_inst/DP_OP_120J3_122_8590
                                0.005604    0.005209   6.129e-08     0.01081    0.009899 
ifmap_radr_gen_inst/add_x_14
                                0.002083    0.001803   6.019e-08    0.003886    0.003558 
ifmap_radr_gen_inst/add_x_13
                                0.002107    0.001848   6.019e-08    0.003956    0.003622 
ifmap_radr_gen_inst/add_x_12
                                0.002015    0.001698   6.019e-08    0.003713      0.0034 
ifmap_radr_gen_inst/add_x_11
                                 0.00189     0.00164   6.176e-08     0.00353    0.003232 
ifmap_radr_gen_inst/add_x_10
                                0.001949    0.001669   6.176e-08    0.003619    0.003313 
ofmap_buffer_inst/ram0             15.64      0.7343     0.03803       16.41       15.03 
ofmap_buffer_inst/ram1             15.64      0.8365     0.03803       16.52       15.12 
ofmap_wadr_gen_inst/add_x_3
                                 0.00142    0.001135   4.641e-08    0.002555    0.002339 
ofmap_radr_gen_inst/add_x_3
                                0.001573    0.001254   4.641e-08    0.002827    0.002589 
ofmap_wb_radr_gen_inst/add_x_3
                                0.001657    0.001416   4.641e-08    0.003073    0.002814 
conv_controller_inst/DP_OP_240J1_126_5273
                                 0.01618     0.01587   1.981e-07     0.03204     0.02934 
conv_controller_inst/DP_OP_237J1_123_3617
                                0.006435    0.004623    8.88e-08     0.01106     0.01012 
conv_controller_inst/DP_OP_236J1_122_3617
                                 0.00658    0.004845    8.88e-08     0.01143     0.01046 
conv_controller_inst/gte_x_90
                                 0.01778     0.02469   1.708e-07     0.04248     0.03889 
conv_controller_inst/lte_x_88
                                 0.01706     0.02379   1.693e-07     0.04085      0.0374 
conv_controller_inst/add_x_84
                                0.006651    0.006857   1.961e-07     0.01351     0.01237 
conv_controller_inst/add_x_24
                                0.004654    0.003909   2.118e-07    0.008563     0.00784 
conv_controller_inst/gte_x_23
                                 0.01721     0.02495   1.634e-07     0.04216      0.0386 
conv_controller_inst/lte_x_22
                                 0.02927      0.0419   1.678e-07     0.07117     0.06516 
conv_controller_inst/add_x_21
                                0.006904    0.006974   2.132e-07     0.01388     0.01271 
conv_controller_inst/lte_x_20
                                 0.01765     0.02453   1.694e-07     0.04218     0.03862 
conv_controller_inst/add_x_19
                                0.006508    0.006491   2.132e-07       0.013      0.0119 
conv_controller_inst/gte_x_18
                                 0.01776      0.0243   1.678e-07     0.04206     0.03851 
conv_controller_inst/add_x_17
                                0.006936    0.007169   2.075e-07      0.0141     0.01291 
conv_controller_inst/lte_x_16
                                 0.01773     0.02374   1.708e-07     0.04147     0.03797 
conv_controller_inst/add_x_15
                                0.006423    0.006454   1.961e-07     0.01288     0.01179 
conv_controller_inst/lte_x_13
                                 0.01767     0.02459   1.693e-07     0.04227      0.0387 
conv_controller_inst/lte_x_12
                                 0.03277     0.04813     1.7e-07      0.0809     0.07407 
conv_controller_inst/lte_x_8
                                 0.03285      0.0483   1.642e-07     0.08115      0.0743 
conv_controller_inst/add_x_5
                                0.005242    0.004534   2.117e-07    0.009776    0.008951 
conv_controller_inst/add_x_4
                                0.004234    0.003474   2.117e-07    0.007708    0.007057 
conv_controller_inst/add_x_2
                                0.002023    0.001666   6.708e-08    0.003689    0.003378 
conv_controller_inst/add_x_1
                                0.002193    0.001943   6.708e-08    0.004136    0.003787 
conv_controller_inst/lte_x_11
                                 0.06799      0.1095   2.705e-07      0.1775      0.1625 
conv_controller_inst/lte_x_9
                                 0.07193      0.1033   2.291e-07      0.1752      0.1604 
conv_controller_inst/lte_x_7
                                  0.0671      0.1071   2.707e-07      0.1742      0.1595 
conv_controller_inst/gte_x_6
                                  0.0759      0.1555   2.664e-07      0.2314      0.2119 
conv_controller_inst/gte_x_89
                                 0.08338      0.1554   2.378e-07      0.2388      0.2187 
conv_controller_inst/lte_x_10
                                 0.02859     0.05325     2.7e-07     0.08184     0.07493 
conv_controller_inst/DP_OP_238J1_124_1125
                                   1.314       2.098   5.406e-06       3.412       3.124 
conv_controller_inst/DP_OP_239J1_125_8379
                                  0.1265       0.199   1.044e-06      0.3255      0.2981 
systolic_array_with_skew_inst/ifmap_skew_registers/row_1__col_0__skew_r
                                 0.04406      0.0618   1.185e-07      0.1059     0.09692 
systolic_array_with_skew_inst/ifmap_skew_registers/row_2__col_0__skew_r
                                   0.045     0.07521   1.196e-07      0.1202      0.1101 
systolic_array_with_skew_inst/ifmap_skew_registers/row_2__col_1__skew_r
                                 0.03789     0.02689    9.91e-08     0.06479     0.05932 
systolic_array_with_skew_inst/ifmap_skew_registers/row_3__col_0__skew_r
                                 0.04504     0.06904   1.196e-07      0.1141      0.1044 
systolic_array_with_skew_inst/ifmap_skew_registers/row_3__col_1__skew_r
                                 0.03791     0.03272    9.91e-08     0.07063     0.06467 
systolic_array_with_skew_inst/ifmap_skew_registers/row_3__col_2__skew_r
                                  0.0378     0.03231   9.836e-08     0.07011     0.06419 
systolic_array_with_skew_inst/systolic_array_inst/weight_in_skew_registers_inst
                                  0.2408      0.2617    6.62e-07      0.5025      0.4601 
systolic_array_with_skew_inst/systolic_array_inst/row_0__col_0__mac_inst
                                  0.5288      0.5046   1.653e-06       1.033      0.9461 
systolic_array_with_skew_inst/systolic_array_inst/row_0__col_1__mac_inst
                                  0.3909       0.295   1.702e-06      0.6859       0.628 
systolic_array_with_skew_inst/systolic_array_inst/row_0__col_2__mac_inst
                                  0.3922      0.2828   1.705e-06       0.675       0.618 
systolic_array_with_skew_inst/systolic_array_inst/row_0__col_3__mac_inst
                                  0.3961      0.2822   1.703e-06      0.6783       0.621 
systolic_array_with_skew_inst/systolic_array_inst/row_1__col_0__mac_inst
                                  0.3952      0.2735   1.705e-06      0.6688      0.6123 
systolic_array_with_skew_inst/systolic_array_inst/row_1__col_1__mac_inst
                                  0.3906      0.2502   1.694e-06      0.6407      0.5866 
systolic_array_with_skew_inst/systolic_array_inst/row_1__col_2__mac_inst
                                  0.3963      0.2547   1.703e-06       0.651       0.596 
systolic_array_with_skew_inst/systolic_array_inst/row_1__col_3__mac_inst
                                  0.3894      0.2454   1.694e-06      0.6348      0.5812 
systolic_array_with_skew_inst/systolic_array_inst/row_2__col_0__mac_inst
                                  0.3899      0.2527   1.693e-06      0.6426      0.5883 
systolic_array_with_skew_inst/systolic_array_inst/row_2__col_1__mac_inst
                                   0.396      0.2713   1.727e-06      0.6673      0.6109 
systolic_array_with_skew_inst/systolic_array_inst/row_2__col_2__mac_inst
                                  0.3893      0.2595   1.696e-06      0.6488       0.594 
systolic_array_with_skew_inst/systolic_array_inst/row_2__col_3__mac_inst
                                  0.3953      0.2697   1.693e-06      0.6651      0.6089 
systolic_array_with_skew_inst/systolic_array_inst/row_3__col_0__mac_inst
                                  0.3504      0.2237   1.604e-06      0.5741      0.5256 
systolic_array_with_skew_inst/systolic_array_inst/row_3__col_1__mac_inst
                                  0.3529       0.233   1.597e-06       0.586      0.5365 
systolic_array_with_skew_inst/systolic_array_inst/row_3__col_2__mac_inst
                                  0.3476      0.2319   1.597e-06      0.5795      0.5306 
systolic_array_with_skew_inst/systolic_array_inst/row_3__col_3__mac_inst
                                  0.3483      0.2403   1.599e-06      0.5886      0.5389 
systolic_array_with_skew_inst/ofmap_skew_registers/row_1__col_0__skew_r
                                  0.1509     0.08264    3.77e-07      0.2336      0.2139 
systolic_array_with_skew_inst/ofmap_skew_registers/row_2__col_0__skew_r
                                  0.1506     0.04108   3.849e-07      0.1917      0.1755 
systolic_array_with_skew_inst/ofmap_skew_registers/row_2__col_1__skew_r
                                   0.151     0.04202    3.77e-07       0.193      0.1767 
systolic_array_with_skew_inst/ofmap_skew_registers/row_3__col_0__skew_r
                                  0.1508     0.03721    3.77e-07       0.188      0.1721 
systolic_array_with_skew_inst/ofmap_skew_registers/row_3__col_1__skew_r
                                  0.1508     0.03985    3.77e-07      0.1907      0.1746 
systolic_array_with_skew_inst/ofmap_skew_registers/row_3__col_2__skew_r
                                  0.1508     0.08965    3.77e-07      0.2405      0.2202 
ofmap_skew_registers_inst/row_1__col_0__skew_r/clk_gate_r_reg
                                 0.02681     0.02004   4.328e-08     0.04685     0.04289 
ofmap_skew_registers_inst/row_2__col_0__skew_r/clk_gate_r_reg
                                 0.02973     0.02803   4.307e-08     0.05777     0.05289 
ofmap_skew_registers_inst/row_2__col_1__skew_r/clk_gate_r_reg
                                 0.03925     0.03206   6.166e-08     0.07131     0.06529 
ofmap_skew_registers_inst/row_3__col_0__skew_r/clk_gate_r_reg
                                 0.02693     0.02132   4.328e-08     0.04825     0.04417 
ofmap_skew_registers_inst/row_3__col_1__skew_r/clk_gate_r_reg
                                 0.02968     0.02567   4.307e-08     0.05535     0.05068 
ofmap_skew_registers_inst/row_3__col_2__skew_r/clk_gate_r_reg
                                 0.02968     0.02645   4.307e-08     0.05614     0.05139 
ifmap_weight_fifo_inst/fifo_inst/clk_gate_D_OUT_reg
                                0.008466    0.003138   2.523e-08      0.0116     0.01062 
ifmap_weight_fifo_inst/fifo_inst/clk_gate_arr_reg_0_
                                 0.00629   0.0009304   2.612e-08    0.007221    0.006611 
ifmap_weight_fifo_inst/fifo_inst/clk_gate_arr_reg_1_
                                0.006288   0.0008305   2.612e-08    0.007118    0.006517 
ofmap_fifo_inst/fifo_inst/clk_gate_D_OUT_reg
                                 0.01718    0.006853   5.012e-08     0.02403       0.022 
ofmap_fifo_inst/fifo_inst/clk_gate_arr_reg_0_
                                 0.01172   0.0006953   5.349e-08     0.01242     0.01137 
ofmap_fifo_inst/fifo_inst/clk_gate_arr_reg_1_
                                 0.01172   0.0007333   5.349e-08     0.01246     0.01141 
ofmap_deaggregator_inst/instantiate_fifos_0__fifo_inst/fifo_inst
                                  0.1993     0.05918   1.221e-06      0.2585      0.2366 
ofmap_deaggregator_inst/instantiate_fifos_1__fifo_inst/fifo_inst
                                  0.1964      0.1319   1.215e-06      0.3282      0.3005 
ofmap_deaggregator_inst/instantiate_fifos_2__fifo_inst/fifo_inst
                                  0.2003     0.06818    1.22e-06      0.2685      0.2458 
ofmap_deaggregator_inst/instantiate_fifos_3__fifo_inst/fifo_inst
                                  0.1953      0.1274   1.155e-06      0.3227      0.2955 
params_fifo_inst/fifo_inst/clk_gate_D_OUT_reg
                                0.008933    0.003836   2.498e-08     0.01277     0.01169 
params_fifo_inst/fifo_inst/clk_gate_arr_reg_0_
                                0.006364   0.0009736    2.61e-08    0.007338    0.006718 
params_fifo_inst/fifo_inst/clk_gate_arr_reg_1_
                                0.006363   0.0009246    2.61e-08    0.007288    0.006672 
systolic_array_with_skew_inst/systolic_array_inst/row_reg_1__col_reg_0__genblk1_skew_r
                                0.004762    0.001463   1.318e-08    0.006225    0.005699 
systolic_array_with_skew_inst/systolic_array_inst/row_reg_1__col_reg_1__genblk1_skew_r
                                0.004761    0.001744   1.318e-08    0.006506    0.005956 
systolic_array_with_skew_inst/systolic_array_inst/row_reg_1__col_reg_2__genblk1_skew_r
                                0.004759    0.001665   1.318e-08    0.006424    0.005882 
systolic_array_with_skew_inst/systolic_array_inst/row_reg_1__col_reg_3__genblk1_skew_r
                                0.004748    0.001091   1.318e-08    0.005839    0.005346 
systolic_array_with_skew_inst/systolic_array_inst/row_reg_2__col_reg_0__genblk1_skew_r
                                0.004752    0.001035   1.318e-08    0.005787    0.005298 
systolic_array_with_skew_inst/systolic_array_inst/row_reg_2__col_reg_1__genblk1_skew_r
                                0.004752   0.0008846   1.318e-08    0.005636     0.00516 
systolic_array_with_skew_inst/systolic_array_inst/row_reg_2__col_reg_2__genblk1_skew_r
                                 0.00475    0.001076   1.318e-08    0.005827    0.005335 
systolic_array_with_skew_inst/systolic_array_inst/row_reg_2__col_reg_3__genblk1_skew_r
                                0.004749   0.0009636   1.318e-08    0.005713     0.00523 
systolic_array_with_skew_inst/systolic_array_inst/row_reg_3__col_reg_0__genblk1_skew_r
                                0.004759   0.0007814   1.318e-08     0.00554    0.005072 
systolic_array_with_skew_inst/systolic_array_inst/row_reg_3__col_reg_1__genblk1_skew_r
                                 0.00476   0.0006296   1.318e-08     0.00539    0.004935 
systolic_array_with_skew_inst/systolic_array_inst/row_reg_3__col_reg_2__genblk1_skew_r
                                0.004754   0.0004784   1.318e-08    0.005233    0.004791 
systolic_array_with_skew_inst/systolic_array_inst/row_reg_3__col_reg_3__genblk1_skew_r
                                0.004762   0.0005951   1.318e-08    0.005357    0.004905 
systolic_array_with_skew_inst/ifmap_skew_registers/row_1__col_0__skew_r/clk_gate_r_reg
                                0.007402    0.006434   1.077e-08     0.01384     0.01267 
systolic_array_with_skew_inst/ifmap_skew_registers/row_2__col_0__skew_r/clk_gate_r_reg
                                0.007419    0.007385   1.077e-08      0.0148     0.01355 
systolic_array_with_skew_inst/ifmap_skew_registers/row_2__col_1__skew_r/clk_gate_r_reg
                                0.007392    0.006056   1.077e-08     0.01345     0.01231 
systolic_array_with_skew_inst/ifmap_skew_registers/row_3__col_0__skew_r/clk_gate_r_reg
                                 0.00741    0.006968   1.077e-08     0.01438     0.01316 
systolic_array_with_skew_inst/ifmap_skew_registers/row_3__col_1__skew_r/clk_gate_r_reg
                                0.007387     0.00717   1.077e-08     0.01456     0.01333 
systolic_array_with_skew_inst/ifmap_skew_registers/row_3__col_2__skew_r/clk_gate_r_reg
                                0.007419    0.006123   1.077e-08     0.01354      0.0124 
systolic_array_with_skew_inst/systolic_array_inst/weight_in_skew_registers_inst/row_1__col_0__skew_r
                                 0.04221     0.05739   1.192e-07      0.0996     0.09119 
systolic_array_with_skew_inst/systolic_array_inst/weight_in_skew_registers_inst/row_2__col_0__skew_r
                                  0.0411     0.05411   1.153e-07     0.09521     0.08717 
systolic_array_with_skew_inst/systolic_array_inst/weight_in_skew_registers_inst/row_2__col_1__skew_r
                                 0.03786     0.02677   9.836e-08     0.06463     0.05918 
systolic_array_with_skew_inst/systolic_array_inst/weight_in_skew_registers_inst/row_3__col_0__skew_r
                                 0.04101     0.05419   1.151e-07      0.0952     0.08716 
systolic_array_with_skew_inst/systolic_array_inst/weight_in_skew_registers_inst/row_3__col_1__skew_r
                                 0.03788     0.01181   9.836e-08     0.04969     0.04549 
systolic_array_with_skew_inst/systolic_array_inst/weight_in_skew_registers_inst/row_3__col_2__skew_r
                                 0.03787      0.0169   9.836e-08     0.05477     0.05015 
systolic_array_with_skew_inst/systolic_array_inst/row_0__col_0__mac_inst/clk_gate_weight_r_reg
                                0.007422    0.006561   1.077e-08     0.01398      0.0128 
systolic_array_with_skew_inst/systolic_array_inst/row_0__col_0__mac_inst/clk_gate_ifmap_r_reg
                                 0.04326     0.03054   6.961e-08     0.07381     0.06757 
systolic_array_with_skew_inst/systolic_array_inst/row_0__col_1__mac_inst/clk_gate_weight_r_reg
                                0.007422    0.006723   1.077e-08     0.01415     0.01295 
systolic_array_with_skew_inst/systolic_array_inst/row_0__col_1__mac_inst/clk_gate_ifmap_r_reg
                                 0.03703     0.03187   5.384e-08      0.0689     0.06308 
systolic_array_with_skew_inst/systolic_array_inst/row_0__col_2__mac_inst/clk_gate_weight_r_reg
                                0.007406    0.005916   1.077e-08     0.01332      0.0122 
systolic_array_with_skew_inst/systolic_array_inst/row_0__col_2__mac_inst/clk_gate_ifmap_r_reg
                                 0.03434      0.0296   5.405e-08     0.06395     0.05855 
systolic_array_with_skew_inst/systolic_array_inst/row_0__col_3__mac_inst/clk_gate_weight_r_reg
                                0.007412     0.00616   1.077e-08     0.01357     0.01243 
systolic_array_with_skew_inst/systolic_array_inst/row_0__col_3__mac_inst/clk_gate_ifmap_r_reg
                                 0.04057     0.03129   6.487e-08     0.07187      0.0658 
systolic_array_with_skew_inst/systolic_array_inst/row_1__col_0__mac_inst/clk_gate_weight_r_reg
                                0.007416    0.006275   1.077e-08     0.01369     0.01254 
systolic_array_with_skew_inst/systolic_array_inst/row_1__col_0__mac_inst/clk_gate_ifmap_r_reg
                                 0.04257     0.03514   6.474e-08     0.07771     0.07115 
systolic_array_with_skew_inst/systolic_array_inst/row_1__col_1__mac_inst/clk_gate_weight_r_reg
                                0.007398    0.005638   1.077e-08     0.01304     0.01194 
systolic_array_with_skew_inst/systolic_array_inst/row_1__col_1__mac_inst/clk_gate_ifmap_r_reg
                                 0.03711     0.03362   5.384e-08     0.07073     0.06476 
systolic_array_with_skew_inst/systolic_array_inst/row_1__col_2__mac_inst/clk_gate_weight_r_reg
                                0.007413    0.006429   1.077e-08     0.01384     0.01267 
systolic_array_with_skew_inst/systolic_array_inst/row_1__col_2__mac_inst/clk_gate_ifmap_r_reg
                                 0.04248     0.03439   6.474e-08     0.07687     0.07038 
systolic_array_with_skew_inst/systolic_array_inst/row_1__col_3__mac_inst/clk_gate_weight_r_reg
                                0.007429    0.007334   1.077e-08     0.01476     0.01352 
systolic_array_with_skew_inst/systolic_array_inst/row_1__col_3__mac_inst/clk_gate_ifmap_r_reg
                                 0.03708     0.03218   5.384e-08     0.06926     0.06341 
systolic_array_with_skew_inst/systolic_array_inst/row_2__col_0__mac_inst/clk_gate_weight_r_reg
                                 0.00743    0.006767   1.077e-08      0.0142       0.013 
systolic_array_with_skew_inst/systolic_array_inst/row_2__col_0__mac_inst/clk_gate_ifmap_r_reg
                                 0.03719     0.03588   5.384e-08     0.07307      0.0669 
systolic_array_with_skew_inst/systolic_array_inst/row_2__col_1__mac_inst/clk_gate_weight_r_reg
                                0.007405    0.005711   1.077e-08     0.01312     0.01201 
systolic_array_with_skew_inst/systolic_array_inst/row_2__col_1__mac_inst/clk_gate_ifmap_r_reg
                                 0.03907     0.02614   6.942e-08      0.0652      0.0597 
systolic_array_with_skew_inst/systolic_array_inst/row_2__col_2__mac_inst/clk_gate_weight_r_reg
                                0.007414    0.005937   1.077e-08     0.01335     0.01222 
systolic_array_with_skew_inst/systolic_array_inst/row_2__col_2__mac_inst/clk_gate_ifmap_r_reg
                                 0.03719     0.03591   5.384e-08     0.07311     0.06693 
systolic_array_with_skew_inst/systolic_array_inst/row_2__col_3__mac_inst/clk_gate_weight_r_reg
                                0.007413    0.006236   1.077e-08     0.01365      0.0125 
systolic_array_with_skew_inst/systolic_array_inst/row_2__col_3__mac_inst/clk_gate_ifmap_r_reg
                                  0.0371     0.03291   5.384e-08     0.07001      0.0641 
systolic_array_with_skew_inst/systolic_array_inst/row_3__col_0__mac_inst/clk_gate_weight_r_reg
                                0.007404    0.005956   1.077e-08     0.01336     0.01223 
systolic_array_with_skew_inst/systolic_array_inst/row_3__col_0__mac_inst/clk_gate_ifmap_r_reg
                                 0.02965     0.02498   4.307e-08     0.05463     0.05002 
systolic_array_with_skew_inst/systolic_array_inst/row_3__col_1__mac_inst/clk_gate_weight_r_reg
                                 0.00742    0.006392   1.077e-08     0.01381     0.01265 
systolic_array_with_skew_inst/systolic_array_inst/row_3__col_1__mac_inst/clk_gate_ifmap_r_reg
                                 0.02969     0.02597   4.307e-08     0.05565     0.05095 
systolic_array_with_skew_inst/systolic_array_inst/row_3__col_2__mac_inst/clk_gate_weight_r_reg
                                0.007415    0.006166   1.077e-08     0.01358     0.01243 
systolic_array_with_skew_inst/systolic_array_inst/row_3__col_2__mac_inst/clk_gate_ifmap_r_reg
                                 0.02958     0.02555   4.307e-08     0.05514     0.05048 
systolic_array_with_skew_inst/systolic_array_inst/row_3__col_3__mac_inst/clk_gate_weight_r_reg
                                0.007421    0.006302   1.077e-08     0.01372     0.01256 
systolic_array_with_skew_inst/systolic_array_inst/row_3__col_3__mac_inst/clk_gate_ifmap_r_reg
                                 0.02958      0.0249   4.307e-08     0.05448     0.04988 
systolic_array_with_skew_inst/ofmap_skew_registers/row_1__col_0__skew_r/clk_gate_r_reg
                                 0.02968     0.02579   4.307e-08     0.05547     0.05078 
systolic_array_with_skew_inst/ofmap_skew_registers/row_2__col_0__skew_r/clk_gate_r_reg
                                 0.02681     0.02015   4.328e-08     0.04696     0.04299 
systolic_array_with_skew_inst/ofmap_skew_registers/row_2__col_1__skew_r/clk_gate_r_reg
                                 0.02962     0.02621   4.307e-08     0.05583     0.05111 
systolic_array_with_skew_inst/ofmap_skew_registers/row_3__col_0__skew_r/clk_gate_r_reg
                                 0.02965     0.02516   4.307e-08      0.0548     0.05017 
systolic_array_with_skew_inst/ofmap_skew_registers/row_3__col_1__skew_r/clk_gate_r_reg
                                 0.02964      0.0273   4.307e-08     0.05694     0.05213 
systolic_array_with_skew_inst/ofmap_skew_registers/row_3__col_2__skew_r/clk_gate_r_reg
                                 0.02964     0.02711   4.307e-08     0.05675     0.05196 
ofmap_deaggregator_inst/instantiate_fifos_0__fifo_inst/fifo_inst/clk_gate_D_OUT_reg
                                  0.0199     0.01027   4.885e-08     0.03017     0.02762 
ofmap_deaggregator_inst/instantiate_fifos_0__fifo_inst/fifo_inst/clk_gate_arr_reg_0_
                                 0.01697    0.003226   6.545e-08      0.0202     0.01849 
ofmap_deaggregator_inst/instantiate_fifos_0__fifo_inst/fifo_inst/clk_gate_arr_reg_1_
                                 0.01697    0.003194   6.545e-08     0.02017     0.01846 
ofmap_deaggregator_inst/instantiate_fifos_1__fifo_inst/fifo_inst/clk_gate_D_OUT_reg
                                 0.01991      0.0105   4.885e-08      0.0304     0.02784 
ofmap_deaggregator_inst/instantiate_fifos_1__fifo_inst/fifo_inst/clk_gate_arr_reg_0_
                                 0.01722     0.00324   6.469e-08     0.02046     0.01873 
ofmap_deaggregator_inst/instantiate_fifos_1__fifo_inst/fifo_inst/clk_gate_arr_reg_1_
                                 0.01342    0.002482    5.27e-08      0.0159     0.01456 
ofmap_deaggregator_inst/instantiate_fifos_2__fifo_inst/fifo_inst/clk_gate_D_OUT_reg
                                 0.02403     0.01184   6.164e-08     0.03587     0.03284 
ofmap_deaggregator_inst/instantiate_fifos_2__fifo_inst/fifo_inst/clk_gate_arr_reg_0_
                                 0.01378    0.003092   5.175e-08     0.01687     0.01545 
ofmap_deaggregator_inst/instantiate_fifos_2__fifo_inst/fifo_inst/clk_gate_arr_reg_1_
                                 0.01698    0.003353   6.545e-08     0.02033     0.01862 
ofmap_deaggregator_inst/instantiate_fifos_3__fifo_inst/fifo_inst/clk_gate_D_OUT_reg
                                 0.01873    0.008879   4.958e-08     0.02761     0.02528 
ofmap_deaggregator_inst/instantiate_fifos_3__fifo_inst/fifo_inst/clk_gate_arr_reg_0_
                                 0.01378    0.003299   5.175e-08     0.01708     0.01564 
ofmap_deaggregator_inst/instantiate_fifos_3__fifo_inst/fifo_inst/clk_gate_arr_reg_1_
                                 0.01559    0.006908   6.052e-08      0.0225      0.0206 
systolic_array_with_skew_inst/systolic_array_inst/row_0__col_0__mac_inst/DP_OP_10J2_122_2911
                                  0.2739      0.4019   1.064e-06      0.6759      0.6188 
systolic_array_with_skew_inst/systolic_array_inst/row_0__col_1__mac_inst/DP_OP_10J2_122_2911
                                   0.151      0.1569   1.135e-06      0.3078      0.2819 
systolic_array_with_skew_inst/systolic_array_inst/row_0__col_2__mac_inst/DP_OP_10J2_122_2911
                                  0.1527      0.1564   1.126e-06      0.3091       0.283 
systolic_array_with_skew_inst/systolic_array_inst/row_0__col_3__mac_inst/DP_OP_10J2_122_2911
                                  0.1543      0.1658   1.127e-06        0.32       0.293 
systolic_array_with_skew_inst/systolic_array_inst/row_1__col_0__mac_inst/DP_OP_10J2_122_2911
                                  0.1521      0.1717   1.129e-06      0.3238      0.2965 
systolic_array_with_skew_inst/systolic_array_inst/row_1__col_1__mac_inst/DP_OP_10J2_122_2911
                                  0.1528      0.1599   1.129e-06      0.3127      0.2863 
systolic_array_with_skew_inst/systolic_array_inst/row_1__col_2__mac_inst/DP_OP_10J2_122_2911
                                  0.1533      0.1539   1.127e-06      0.3072      0.2812 
systolic_array_with_skew_inst/systolic_array_inst/row_1__col_3__mac_inst/DP_OP_10J2_122_2911
                                   0.152       0.154   1.129e-06       0.306      0.2802 
systolic_array_with_skew_inst/systolic_array_inst/row_2__col_0__mac_inst/DP_OP_10J2_122_2911
                                  0.1521      0.1584   1.128e-06      0.3105      0.2842 
systolic_array_with_skew_inst/systolic_array_inst/row_2__col_1__mac_inst/DP_OP_10J2_122_2911
                                  0.1508      0.1657   1.131e-06      0.3165      0.2897 
systolic_array_with_skew_inst/systolic_array_inst/row_2__col_2__mac_inst/DP_OP_10J2_122_2911
                                  0.1515      0.1615    1.13e-06       0.313      0.2865 
systolic_array_with_skew_inst/systolic_array_inst/row_2__col_3__mac_inst/DP_OP_10J2_122_2911
                                  0.1574      0.1822   1.128e-06      0.3395      0.3109 
systolic_array_with_skew_inst/systolic_array_inst/row_3__col_0__mac_inst/DP_OP_10J4_122_7835
                                  0.1497      0.1532   1.132e-06      0.3029      0.2773 
systolic_array_with_skew_inst/systolic_array_inst/row_3__col_1__mac_inst/DP_OP_10J4_122_7835
                                  0.1523      0.1624   1.125e-06      0.3147      0.2881 
systolic_array_with_skew_inst/systolic_array_inst/row_3__col_2__mac_inst/DP_OP_10J4_122_7835
                                  0.1469      0.1556   1.125e-06      0.3026       0.277 
systolic_array_with_skew_inst/systolic_array_inst/row_3__col_3__mac_inst/DP_OP_10J4_122_7835
                                  0.1476      0.1608   1.127e-06      0.3085      0.2824 
systolic_array_with_skew_inst/systolic_array_inst/weight_in_skew_registers_inst/row_1__col_0__skew_r/clk_gate_r_reg
                                 0.00741    0.006662   1.077e-08     0.01407     0.01288 
systolic_array_with_skew_inst/systolic_array_inst/weight_in_skew_registers_inst/row_2__col_0__skew_r/clk_gate_r_reg
                                0.007423    0.006599   1.077e-08     0.01402     0.01284 
systolic_array_with_skew_inst/systolic_array_inst/weight_in_skew_registers_inst/row_2__col_1__skew_r/clk_gate_r_reg
                                0.007407    0.006002   1.077e-08     0.01341     0.01228 
systolic_array_with_skew_inst/systolic_array_inst/weight_in_skew_registers_inst/row_3__col_0__skew_r/clk_gate_r_reg
                                 0.00743    0.006977   1.077e-08     0.01441     0.01319 
systolic_array_with_skew_inst/systolic_array_inst/weight_in_skew_registers_inst/row_3__col_1__skew_r/clk_gate_r_reg
                                 0.00741    0.006005   1.077e-08     0.01341     0.01228 
systolic_array_with_skew_inst/systolic_array_inst/weight_in_skew_registers_inst/row_3__col_2__skew_r/clk_gate_r_reg
                                0.007406    0.005967   1.077e-08     0.01337     0.01224 
 
 
-----------------------------------------------------------------------------------------
*	Power Distribution Summary: 
*              Highest Average Power: ifmap_double_buffer_inst/ram/genblk1_width_macro_0__depth_macro_1__sram (sky130_sram_4kbyte_1rw1r_32x1024_8):            10.35
*              Highest Leakage Power: weight_double_buffer_inst/ram/genblk1_width_macro_0__depth_macro_0__sram (sky130_sram_4kbyte_1rw1r_32x1024_8):          0.03515
*                Total Cap:      3.51749e-10 F
*                Total instances in design: 19831
*                Total instances in design with no power:     0
*                Total instances in design with no activty:     0

*                Total Fillers and Decap:     0
-----------------------------------------------------------------------------------------
 
** INFO:  (VOLTUS_POWR-3465): There are 0 decaps and 0 fillers in the design

Ended Static Power Report Generation: (cpu=0:00:00, real=0:00:00,
mem(process/total/peak)=2654.45MB/5561.31MB/2714.07MB)

